<?xml version="1.0" encoding="UTF-8"?>
<!-- Generated by org.testng.reporters.JUnitXMLReporter -->
<testsuite ignored="0" hostname="LAPTOP-DIVUF89F" failures="0" tests="17" name="Test" time="737.811" errors="0" timestamp="2023-09-14T10:45:19 IST">
  <testcase classname="UI_Verification.MBSTestAutomate" name="Multiple_Night_Single_Room_Booking" time="47.305"/>
  <testcase classname="UI_Verification.MBSTestAutomate" name="Single_Room_Multiple_Night_Booking_Multiple_Addon" time="52.123"/>
  <testcase classname="UI_Verification.MBSTestAutomate" name="Multiple_Night_Multiple_RoomBooking_With_Single_RoomType" time="48.447"/>
  <testcase classname="UI_Verification.MBSTestAutomate" name="Multiple_Night_Multiple_Room_Booking_With_Multiple_RoomTypes" time="51.098"/>
  <testcase classname="UI_Verification.MBSTestAutomate" name="Verify_HomePage_Buttons" time="23.825"/>
  <testcase classname="UI_Verification.MBSTestAutomate" name="Verify_Multiple_Night_Single_Room_Booking_TotalAmount_For_Home_Cart_ConfirmationPage" time="49.233"/>
  <testcase classname="UI_Verification.MBSTestAutomate" name="Verify_Multiple_Night_Single_Room_Booking_Confirmation_Status" time="45.197"/>
  <testcase classname="UI_Verification.MBSTestAutomate" name="Verify_MailId_MobileNO_for_MultipleNight_SingleRoom_" time="48.111"/>
  <testcase classname="UI_Verification.Single_Night_TC" name="demo" time="2.724"/>
  <testcase classname="UI_Verification.Single_Night_TC" name="Single_Night_Single_RoomBooking" time="44.277"/>
  <testcase classname="UI_Verification.Single_Night_TC" name="Single_Night_Single_Room_SingleBooking_With_Single_Addon" time="44.384"/>
  <testcase classname="UI_Verification.Single_Night_TC" name="Single_Night_Single_Room_Booking_With_PromoCode" time="44.993"/>
  <testcase classname="UI_Verification.Single_Night_TC" name="Single_Night_Multiple_RoomBooking_With_Single_RoomType" time="46.632"/>
  <testcase classname="UI_Verification.Single_Night_TC" name="Single_Night_Multiple_Room_Booking_With_Multiple_RoomTypes" time="52.735"/>
  <testcase classname="UI_Verification.Single_Night_TC" name="Verify_Single_Night_Single_Room_Booking_TotalAmount_For_Home_Cart_ConfirmationPage" time="45.499"/>
  <testcase classname="UI_Verification.Single_Night_TC" name="Verify_Single_Night_Single_Room_Booking_Confirmation_Status" time="44.739"/>
  <testcase classname="UI_Verification.Single_Night_TC" name="Verify_MailId_MobileNO_for_SingleNight_SingleRoom_" time="46.425"/>
</testsuite> <!-- Test -->
