<?xml version="1.0" encoding="UTF-8"?>
<testsuite xmlns:xsi="http://www.w3.org/2001/XMLSchema-instance" xsi:noNamespaceSchemaLocation="https://maven.apache.org/surefire/maven-surefire-plugin/xsd/surefire-test-report-3.0.xsd" version="3.0" name="TestSuite" time="738.351" tests="17" errors="0" skipped="0" failures="0">
  <properties>
[...]
</properties>
  <testcase name="Multiple_Night_Single_Room_Booking" classname="UI_Verification.MBSTestAutomate" time="47.305">
    <system-out><![CDATA[*****ON START *****
Test Start Time   :-  2023-Sep-14 10-33-01
TestCase Started Time   :-  2023-Sep-14 10-33-01
On Test Start  :Multiple_Night_Single_Room_Booking
URL Launched successfully
 Close Button not found, continue without clicking
<======Check-in Date for Booking: 2023-09-18======>
<======Check-out Date for Booking: 2023-10-15=====>


No of Booking Days: 27


Adult Selected Successfully
Child Selected Successfully
--Guest Details-- 
First Name of Guest :- Nirav
Last Name of Guest :- Patel
Contact no of Guest :- 8888120130
Mail id of Guest :- onkar@staah.com
]]></system-out>
    <system-err><![CDATA[SLF4J: Failed to load class "org.slf4j.impl.StaticLoggerBinder".
SLF4J: Defaulting to no-operation (NOP) logger implementation
SLF4J: See http://www.slf4j.org/codes.html#StaticLoggerBinder for further details.
Starting ChromeDriver 117.0.5938.62 (25a7172909a4cba7355365cf424d7d7eb35231f4-refs/branch-heads/5938@{#1146}) on port 58208
Only local connections are allowed.
Please see https://chromedriver.chromium.org/security-considerations for suggestions on keeping ChromeDriver safe.
ChromeDriver was started successfully.
Sep 14, 2023 10:33:02 AM org.openqa.selenium.remote.ProtocolHandshake createSession
INFO: Detected upstream dialect: W3C
Sep 14, 2023 10:33:02 AM org.openqa.selenium.devtools.CdpVersionFinder findNearestMatch
WARNING: Unable to find an exact match for CDP version 117, so returning the closest version found: a no-op implementation
Sep 14, 2023 10:33:02 AM org.openqa.selenium.devtools.CdpVersionFinder findNearestMatch
INFO: Unable to find CDP implementation matching 117.
Sep 14, 2023 10:33:02 AM org.openqa.selenium.chromium.ChromiumDriver lambda$new$3
WARNING: Unable to find version of CDP to use for . You may need to include a dependency on a specific version of the CDP using something similar to `org.seleniumhq.selenium:selenium-devtools-v86:4.3.0` where the version ("v86") matches the version of the chromium-based browser you're using and the version number of the artifact is the same as Selenium's.
]]></system-err>
  </testcase>
  <testcase name="Single_Room_Multiple_Night_Booking_Multiple_Addon" classname="UI_Verification.MBSTestAutomate" time="52.123">
    <system-out><![CDATA[TestCase Success Time   :-  2023-Sep-14 10-33-48
On Test Success  :Multiple_Night_Single_Room_Booking
TestCase Started Time   :-  2023-Sep-14 10-33-48
On Test Start  :Single_Room_Multiple_Night_Booking_Multiple_Addon
URL Launched successfully
 Close Button not found, continue without clicking
<======Check-in Date for Booking: 2023-09-26======>
<======Check-out Date for Booking: 2023-10-20=====>


No of Booking Days: 24


Adult Selected Successfully
Child Selected Successfully
--Guest Details-- 
First Name of Guest :- Nirav
Last Name of Guest :- Patel
Contact no of Guest :- 8888120130
Mail id of Guest :- onkar@staah.com
]]></system-out>
    <system-err><![CDATA[Starting ChromeDriver 117.0.5938.62 (25a7172909a4cba7355365cf424d7d7eb35231f4-refs/branch-heads/5938@{#1146}) on port 55287
Only local connections are allowed.
Please see https://chromedriver.chromium.org/security-considerations for suggestions on keeping ChromeDriver safe.
ChromeDriver was started successfully.
Sep 14, 2023 10:33:49 AM org.openqa.selenium.remote.ProtocolHandshake createSession
INFO: Detected upstream dialect: W3C
Sep 14, 2023 10:33:49 AM org.openqa.selenium.devtools.CdpVersionFinder findNearestMatch
WARNING: Unable to find an exact match for CDP version 117, so returning the closest version found: a no-op implementation
Sep 14, 2023 10:33:49 AM org.openqa.selenium.devtools.CdpVersionFinder findNearestMatch
INFO: Unable to find CDP implementation matching 117.
Sep 14, 2023 10:33:49 AM org.openqa.selenium.chromium.ChromiumDriver lambda$new$3
WARNING: Unable to find version of CDP to use for . You may need to include a dependency on a specific version of the CDP using something similar to `org.seleniumhq.selenium:selenium-devtools-v86:4.3.0` where the version ("v86") matches the version of the chromium-based browser you're using and the version number of the artifact is the same as Selenium's.
Sep 14, 2023 10:34:40 AM org.openqa.selenium.remote.http.WebSocket$Listener onError
WARNING: Connection reset
java.net.SocketException: Connection reset
	at java.base/sun.nio.ch.SocketChannelImpl.throwConnectionReset(SocketChannelImpl.java:394)
	at java.base/sun.nio.ch.SocketChannelImpl.read(SocketChannelImpl.java:426)
	at io.netty.buffer.PooledByteBuf.setBytes(PooledByteBuf.java:258)
	at io.netty.buffer.AbstractByteBuf.writeBytes(AbstractByteBuf.java:1132)
	at io.netty.channel.socket.nio.NioSocketChannel.doReadBytes(NioSocketChannel.java:357)
	at io.netty.channel.nio.AbstractNioByteChannel$NioByteUnsafe.read(AbstractNioByteChannel.java:151)
	at io.netty.channel.nio.NioEventLoop.processSelectedKey(NioEventLoop.java:722)
	at io.netty.channel.nio.NioEventLoop.processSelectedKeysOptimized(NioEventLoop.java:658)
	at io.netty.channel.nio.NioEventLoop.processSelectedKeys(NioEventLoop.java:584)
	at io.netty.channel.nio.NioEventLoop.run(NioEventLoop.java:496)
	at io.netty.util.concurrent.SingleThreadEventExecutor$4.run(SingleThreadEventExecutor.java:997)
	at io.netty.util.internal.ThreadExecutorMap$2.run(ThreadExecutorMap.java:74)
	at io.netty.util.concurrent.FastThreadLocalRunnable.run(FastThreadLocalRunnable.java:30)
	at java.base/java.lang.Thread.run(Thread.java:833)

]]></system-err>
  </testcase>
  <testcase name="Multiple_Night_Multiple_RoomBooking_With_Single_RoomType" classname="UI_Verification.MBSTestAutomate" time="48.446">
    <system-out><![CDATA[TestCase Success Time   :-  2023-Sep-14 10-34-40
On Test Success  :Single_Room_Multiple_Night_Booking_Multiple_Addon
TestCase Started Time   :-  2023-Sep-14 10-34-40
On Test Start  :Multiple_Night_Multiple_RoomBooking_With_Single_RoomType
URL Launched successfully
 Close Button not found, continue without clicking
<======Check-in Date for Booking: 2023-10-03======>
<======Check-out Date for Booking: 2023-10-19=====>


No of Booking Days: 16


Adult Selected Successfully
Child Selected Successfully
--Guest Details-- 
First Name of Guest :- Nirav
Last Name of Guest :- Patel
First Name of Guest2 :- Onkar
Last Name of Guest2 :- Hajare
Contact no of Guest :- 8888120130
Mail id of Guest :- onkar@staah.com
]]></system-out>
    <system-err><![CDATA[Starting ChromeDriver 117.0.5938.62 (25a7172909a4cba7355365cf424d7d7eb35231f4-refs/branch-heads/5938@{#1146}) on port 63057
Only local connections are allowed.
Please see https://chromedriver.chromium.org/security-considerations for suggestions on keeping ChromeDriver safe.
ChromeDriver was started successfully.
Sep 14, 2023 10:34:41 AM org.openqa.selenium.remote.ProtocolHandshake createSession
INFO: Detected upstream dialect: W3C
Sep 14, 2023 10:34:41 AM org.openqa.selenium.devtools.CdpVersionFinder findNearestMatch
WARNING: Unable to find an exact match for CDP version 117, so returning the closest version found: a no-op implementation
Sep 14, 2023 10:34:41 AM org.openqa.selenium.devtools.CdpVersionFinder findNearestMatch
INFO: Unable to find CDP implementation matching 117.
Sep 14, 2023 10:34:41 AM org.openqa.selenium.chromium.ChromiumDriver lambda$new$3
WARNING: Unable to find version of CDP to use for . You may need to include a dependency on a specific version of the CDP using something similar to `org.seleniumhq.selenium:selenium-devtools-v86:4.3.0` where the version ("v86") matches the version of the chromium-based browser you're using and the version number of the artifact is the same as Selenium's.
]]></system-err>
  </testcase>
  <testcase name="Multiple_Night_Multiple_Room_Booking_With_Multiple_RoomTypes" classname="UI_Verification.MBSTestAutomate" time="51.098">
    <system-out><![CDATA[TestCase Success Time   :-  2023-Sep-14 10-35-29
On Test Success  :Multiple_Night_Multiple_RoomBooking_With_Single_RoomType
TestCase Started Time   :-  2023-Sep-14 10-35-29
On Test Start  :Multiple_Night_Multiple_Room_Booking_With_Multiple_RoomTypes
URL Launched successfully
 Close Button not found, continue without clicking
<======Check-in Date for Booking: 2023-09-15======>
<======Check-out Date for Booking: 2023-10-09=====>


No of Booking Days: 24


Adult Selected Successfully
Child Selected Successfully
--Guest Details-- 
First Name of Guest :- Nirav
Last Name of Guest :- Patel
First Name of Guest2 :- Onkar
Last Name of Guest2 :- Hajare
--Guest Details-- 
First Name of Guest :- Nirav
Last Name of Guest :- Patel
First Name of Guest2 :- Onkar
Last Name of Guest2 :- Hajare
Contact no of Guest :- 8888120130
Mail id of Guest :- onkar@staah.com
]]></system-out>
    <system-err><![CDATA[Starting ChromeDriver 117.0.5938.62 (25a7172909a4cba7355365cf424d7d7eb35231f4-refs/branch-heads/5938@{#1146}) on port 49992
Only local connections are allowed.
Please see https://chromedriver.chromium.org/security-considerations for suggestions on keeping ChromeDriver safe.
ChromeDriver was started successfully.
Sep 14, 2023 10:35:30 AM org.openqa.selenium.remote.ProtocolHandshake createSession
INFO: Detected upstream dialect: W3C
Sep 14, 2023 10:35:30 AM org.openqa.selenium.devtools.CdpVersionFinder findNearestMatch
WARNING: Unable to find an exact match for CDP version 117, so returning the closest version found: a no-op implementation
Sep 14, 2023 10:35:30 AM org.openqa.selenium.devtools.CdpVersionFinder findNearestMatch
INFO: Unable to find CDP implementation matching 117.
Sep 14, 2023 10:35:30 AM org.openqa.selenium.chromium.ChromiumDriver lambda$new$3
WARNING: Unable to find version of CDP to use for . You may need to include a dependency on a specific version of the CDP using something similar to `org.seleniumhq.selenium:selenium-devtools-v86:4.3.0` where the version ("v86") matches the version of the chromium-based browser you're using and the version number of the artifact is the same as Selenium's.
Sep 14, 2023 10:36:20 AM org.openqa.selenium.remote.http.WebSocket$Listener onError
WARNING: Connection reset
java.net.SocketException: Connection reset
	at java.base/sun.nio.ch.SocketChannelImpl.throwConnectionReset(SocketChannelImpl.java:394)
	at java.base/sun.nio.ch.SocketChannelImpl.read(SocketChannelImpl.java:426)
	at io.netty.buffer.PooledByteBuf.setBytes(PooledByteBuf.java:258)
	at io.netty.buffer.AbstractByteBuf.writeBytes(AbstractByteBuf.java:1132)
	at io.netty.channel.socket.nio.NioSocketChannel.doReadBytes(NioSocketChannel.java:357)
	at io.netty.channel.nio.AbstractNioByteChannel$NioByteUnsafe.read(AbstractNioByteChannel.java:151)
	at io.netty.channel.nio.NioEventLoop.processSelectedKey(NioEventLoop.java:722)
	at io.netty.channel.nio.NioEventLoop.processSelectedKeysOptimized(NioEventLoop.java:658)
	at io.netty.channel.nio.NioEventLoop.processSelectedKeys(NioEventLoop.java:584)
	at io.netty.channel.nio.NioEventLoop.run(NioEventLoop.java:496)
	at io.netty.util.concurrent.SingleThreadEventExecutor$4.run(SingleThreadEventExecutor.java:997)
	at io.netty.util.internal.ThreadExecutorMap$2.run(ThreadExecutorMap.java:74)
	at io.netty.util.concurrent.FastThreadLocalRunnable.run(FastThreadLocalRunnable.java:30)
	at java.base/java.lang.Thread.run(Thread.java:833)

]]></system-err>
  </testcase>
  <testcase name="Verify_HomePage_Buttons" classname="UI_Verification.MBSTestAutomate" time="23.824">
    <system-out><![CDATA[TestCase Success Time   :-  2023-Sep-14 10-36-20
On Test Success  :Multiple_Night_Multiple_Room_Booking_With_Multiple_RoomTypes
TestCase Started Time   :-  2023-Sep-14 10-36-20
On Test Start  :Verify_HomePage_Buttons
To Verify all buttons of Homepage is Enabled or not 
URL Launched successfully
 Close Button not found, continue without clicking
<======Check-in Date for Booking: 2023-10-03======>
<======Check-out Date for Booking: 2023-10-04=====>


No of Booking Days: 1


Member Rate Button is Enabled :- true
Search Button is Enabled :-true
RatePlan Button is Enabled  :- true
View_amenities Button is Enabled :- true
Booking Details Page RatePlan name Button is Enabled :- true
BookingDetails_CompleteBooking_DownIcon Button is Enabled :- true
Booking Details Delete Button is Enabled :- true
HomePage CompleteBookingBtn is Enabled :-  true
]]></system-out>
    <system-err><![CDATA[Starting ChromeDriver 117.0.5938.62 (25a7172909a4cba7355365cf424d7d7eb35231f4-refs/branch-heads/5938@{#1146}) on port 63389
Only local connections are allowed.
Please see https://chromedriver.chromium.org/security-considerations for suggestions on keeping ChromeDriver safe.
ChromeDriver was started successfully.
Sep 14, 2023 10:36:21 AM org.openqa.selenium.remote.ProtocolHandshake createSession
INFO: Detected upstream dialect: W3C
Sep 14, 2023 10:36:21 AM org.openqa.selenium.devtools.CdpVersionFinder findNearestMatch
WARNING: Unable to find an exact match for CDP version 117, so returning the closest version found: a no-op implementation
Sep 14, 2023 10:36:21 AM org.openqa.selenium.devtools.CdpVersionFinder findNearestMatch
INFO: Unable to find CDP implementation matching 117.
Sep 14, 2023 10:36:21 AM org.openqa.selenium.chromium.ChromiumDriver lambda$new$3
WARNING: Unable to find version of CDP to use for . You may need to include a dependency on a specific version of the CDP using something similar to `org.seleniumhq.selenium:selenium-devtools-v86:4.3.0` where the version ("v86") matches the version of the chromium-based browser you're using and the version number of the artifact is the same as Selenium's.
]]></system-err>
  </testcase>
  <testcase name="Verify_Multiple_Night_Single_Room_Booking_TotalAmount_For_Home_Cart_ConfirmationPage" classname="UI_Verification.MBSTestAutomate" time="49.231">
    <system-out><![CDATA[TestCase Success Time   :-  2023-Sep-14 10-36-44
On Test Success  :Verify_HomePage_Buttons
TestCase Started Time   :-  2023-Sep-14 10-36-44
On Test Start  :Verify_Multiple_Night_Single_Room_Booking_TotalAmount_For_Home_Cart_ConfirmationPage
URL Launched successfully
 Close Button not found, continue without clicking
<======Check-in Date for Booking: 2023-09-24======>
<======Check-out Date for Booking: 2023-10-20=====>


No of Booking Days: 26


HomePageTotalAmount  :-  NZD 11,876
Adult Selected Successfully
Child Selected Successfully
CartPageTotal Amount :- NZD 11,876
CartPage Total Amount Validated with HomePage Total Amount Successfully 
--Guest Details-- 
First Name of Guest :- Nirav
Last Name of Guest :- Patel
Contact no of Guest :- 8888120130
Mail id of Guest :- onkar@staah.com
ConfiramtionPageTotalAmount  :- Tax inclusive NZD 11876.00
ConfiramtionPage Total Amount Validated With CartPage Total Amount Successfully
]]></system-out>
    <system-err><![CDATA[Starting ChromeDriver 117.0.5938.62 (25a7172909a4cba7355365cf424d7d7eb35231f4-refs/branch-heads/5938@{#1146}) on port 53465
Only local connections are allowed.
Please see https://chromedriver.chromium.org/security-considerations for suggestions on keeping ChromeDriver safe.
ChromeDriver was started successfully.
Sep 14, 2023 10:36:44 AM org.openqa.selenium.remote.ProtocolHandshake createSession
INFO: Detected upstream dialect: W3C
Sep 14, 2023 10:36:44 AM org.openqa.selenium.devtools.CdpVersionFinder findNearestMatch
WARNING: Unable to find an exact match for CDP version 117, so returning the closest version found: a no-op implementation
Sep 14, 2023 10:36:44 AM org.openqa.selenium.devtools.CdpVersionFinder findNearestMatch
INFO: Unable to find CDP implementation matching 117.
Sep 14, 2023 10:36:44 AM org.openqa.selenium.chromium.ChromiumDriver lambda$new$3
WARNING: Unable to find version of CDP to use for . You may need to include a dependency on a specific version of the CDP using something similar to `org.seleniumhq.selenium:selenium-devtools-v86:4.3.0` where the version ("v86") matches the version of the chromium-based browser you're using and the version number of the artifact is the same as Selenium's.
]]></system-err>
  </testcase>
  <testcase name="Verify_Multiple_Night_Single_Room_Booking_Confirmation_Status" classname="UI_Verification.MBSTestAutomate" time="45.195">
    <system-out><![CDATA[TestCase Success Time   :-  2023-Sep-14 10-37-33
On Test Success  :Verify_Multiple_Night_Single_Room_Booking_TotalAmount_For_Home_Cart_ConfirmationPage
TestCase Started Time   :-  2023-Sep-14 10-37-33
On Test Start  :Verify_Multiple_Night_Single_Room_Booking_Confirmation_Status
URL Launched successfully
 Close Button not found, continue without clicking
<======Check-in Date for Booking: 2023-09-15======>
<======Check-out Date for Booking: 2023-10-01=====>


No of Booking Days: 16


Adult Selected Successfully
Child Selected Successfully
--Guest Details-- 
First Name of Guest :- Nirav
Last Name of Guest :- Patel
Contact no of Guest :- 8888120130
Mail id of Guest :- onkar@staah.com
 Booking Status Verified Successfully 
]]></system-out>
    <system-err><![CDATA[Starting ChromeDriver 117.0.5938.62 (25a7172909a4cba7355365cf424d7d7eb35231f4-refs/branch-heads/5938@{#1146}) on port 59171
Only local connections are allowed.
Please see https://chromedriver.chromium.org/security-considerations for suggestions on keeping ChromeDriver safe.
ChromeDriver was started successfully.
Sep 14, 2023 10:37:33 AM org.openqa.selenium.remote.ProtocolHandshake createSession
INFO: Detected upstream dialect: W3C
Sep 14, 2023 10:37:33 AM org.openqa.selenium.devtools.CdpVersionFinder findNearestMatch
WARNING: Unable to find an exact match for CDP version 117, so returning the closest version found: a no-op implementation
Sep 14, 2023 10:37:33 AM org.openqa.selenium.devtools.CdpVersionFinder findNearestMatch
INFO: Unable to find CDP implementation matching 117.
Sep 14, 2023 10:37:33 AM org.openqa.selenium.chromium.ChromiumDriver lambda$new$3
WARNING: Unable to find version of CDP to use for . You may need to include a dependency on a specific version of the CDP using something similar to `org.seleniumhq.selenium:selenium-devtools-v86:4.3.0` where the version ("v86") matches the version of the chromium-based browser you're using and the version number of the artifact is the same as Selenium's.
]]></system-err>
  </testcase>
  <testcase name="Verify_MailId_MobileNO_for_MultipleNight_SingleRoom_" classname="UI_Verification.MBSTestAutomate" time="48.11">
    <system-out><![CDATA[TestCase Success Time   :-  2023-Sep-14 10-38-18
On Test Success  :Verify_Multiple_Night_Single_Room_Booking_Confirmation_Status
TestCase Started Time   :-  2023-Sep-14 10-38-18
On Test Start  :Verify_MailId_MobileNO_for_MultipleNight_SingleRoom_
URL Launched successfully
 Close Button not found, continue without clicking
<======Check-in Date for Booking: 2023-10-07======>
<======Check-out Date for Booking: 2023-10-23=====>


No of Booking Days: 16


Adult Selected Successfully
Child Selected Successfully
--Guest Details-- 
First Name of Guest :- Nirav
Last Name of Guest :- Patel
Contact no of Guest :- 8888120130
Mail id of Guest :- onkar@staah.com
Confirmation Page Mail Id :-  onkar@staah.com
Mail ID Verified Successfully 
 Confirmation Page Mobile no :- 8888120130
 Mobile Number Verified Successfully 
]]></system-out>
    <system-err><![CDATA[Starting ChromeDriver 117.0.5938.62 (25a7172909a4cba7355365cf424d7d7eb35231f4-refs/branch-heads/5938@{#1146}) on port 59465
Only local connections are allowed.
Please see https://chromedriver.chromium.org/security-considerations for suggestions on keeping ChromeDriver safe.
ChromeDriver was started successfully.
Sep 14, 2023 10:38:19 AM org.openqa.selenium.remote.ProtocolHandshake createSession
INFO: Detected upstream dialect: W3C
Sep 14, 2023 10:38:19 AM org.openqa.selenium.devtools.CdpVersionFinder findNearestMatch
WARNING: Unable to find an exact match for CDP version 117, so returning the closest version found: a no-op implementation
Sep 14, 2023 10:38:19 AM org.openqa.selenium.devtools.CdpVersionFinder findNearestMatch
INFO: Unable to find CDP implementation matching 117.
Sep 14, 2023 10:38:19 AM org.openqa.selenium.chromium.ChromiumDriver lambda$new$3
WARNING: Unable to find version of CDP to use for . You may need to include a dependency on a specific version of the CDP using something similar to `org.seleniumhq.selenium:selenium-devtools-v86:4.3.0` where the version ("v86") matches the version of the chromium-based browser you're using and the version number of the artifact is the same as Selenium's.
]]></system-err>
  </testcase>
  <testcase name="demo" classname="UI_Verification.Single_Night_TC" time="2.72">
    <system-out><![CDATA[TestCase Success Time   :-  2023-Sep-14 10-39-06
On Test Success  :Verify_MailId_MobileNO_for_MultipleNight_SingleRoom_
TestCase Started Time   :-  2023-Sep-14 10-39-06
On Test Start  :demo
]]></system-out>
    <system-err><![CDATA[Starting ChromeDriver 117.0.5938.62 (25a7172909a4cba7355365cf424d7d7eb35231f4-refs/branch-heads/5938@{#1146}) on port 58682
Only local connections are allowed.
Please see https://chromedriver.chromium.org/security-considerations for suggestions on keeping ChromeDriver safe.
ChromeDriver was started successfully.
Sep 14, 2023 10:39:07 AM org.openqa.selenium.remote.ProtocolHandshake createSession
INFO: Detected upstream dialect: W3C
Sep 14, 2023 10:39:07 AM org.openqa.selenium.devtools.CdpVersionFinder findNearestMatch
WARNING: Unable to find an exact match for CDP version 117, so returning the closest version found: a no-op implementation
Sep 14, 2023 10:39:07 AM org.openqa.selenium.devtools.CdpVersionFinder findNearestMatch
INFO: Unable to find CDP implementation matching 117.
Sep 14, 2023 10:39:07 AM org.openqa.selenium.chromium.ChromiumDriver lambda$new$3
WARNING: Unable to find version of CDP to use for . You may need to include a dependency on a specific version of the CDP using something similar to `org.seleniumhq.selenium:selenium-devtools-v86:4.3.0` where the version ("v86") matches the version of the chromium-based browser you're using and the version number of the artifact is the same as Selenium's.
]]></system-err>
  </testcase>
  <testcase name="Single_Night_Single_RoomBooking" classname="UI_Verification.Single_Night_TC" time="44.276">
    <system-out><![CDATA[TestCase Success Time   :-  2023-Sep-14 10-39-09
On Test Success  :demo
TestCase Started Time   :-  2023-Sep-14 10-39-09
On Test Start  :Single_Night_Single_RoomBooking
URL Launched successfully
 Close Button not found, continue without clicking
<======Check-in Date for Booking: 2023-09-24======>
<======Check-out Date for Booking: 2023-09-25=====>


No of Booking Days: 1


Adult Selected Successfully
Child Selected Successfully
--Guest Details-- 
First Name of Guest :- Nirav
Last Name of Guest :- Patel
Contact no of Guest :- 8888120130
Mail id of Guest :- onkar@staah.com
]]></system-out>
    <system-err><![CDATA[Starting ChromeDriver 117.0.5938.62 (25a7172909a4cba7355365cf424d7d7eb35231f4-refs/branch-heads/5938@{#1146}) on port 62471
Only local connections are allowed.
Please see https://chromedriver.chromium.org/security-considerations for suggestions on keeping ChromeDriver safe.
ChromeDriver was started successfully.
Sep 14, 2023 10:39:10 AM org.openqa.selenium.remote.ProtocolHandshake createSession
INFO: Detected upstream dialect: W3C
Sep 14, 2023 10:39:10 AM org.openqa.selenium.devtools.CdpVersionFinder findNearestMatch
WARNING: Unable to find an exact match for CDP version 117, so returning the closest version found: a no-op implementation
Sep 14, 2023 10:39:10 AM org.openqa.selenium.devtools.CdpVersionFinder findNearestMatch
INFO: Unable to find CDP implementation matching 117.
Sep 14, 2023 10:39:10 AM org.openqa.selenium.chromium.ChromiumDriver lambda$new$3
WARNING: Unable to find version of CDP to use for . You may need to include a dependency on a specific version of the CDP using something similar to `org.seleniumhq.selenium:selenium-devtools-v86:4.3.0` where the version ("v86") matches the version of the chromium-based browser you're using and the version number of the artifact is the same as Selenium's.
]]></system-err>
  </testcase>
  <testcase name="Single_Night_Single_Room_SingleBooking_With_Single_Addon" classname="UI_Verification.Single_Night_TC" time="44.383">
    <system-out><![CDATA[TestCase Success Time   :-  2023-Sep-14 10-39-53
On Test Success  :Single_Night_Single_RoomBooking
TestCase Started Time   :-  2023-Sep-14 10-39-53
On Test Start  :Single_Night_Single_Room_SingleBooking_With_Single_Addon
URL Launched successfully
 Close Button not found, continue without clicking
<======Check-in Date for Booking: 2023-09-16======>
<======Check-out Date for Booking: 2023-09-17=====>


No of Booking Days: 1


Adult Selected Successfully
Child Selected Successfully
--Guest Details-- 
First Name of Guest :- Nirav
Last Name of Guest :- Patel
Contact no of Guest :- 8888120130
Mail id of Guest :- onkar@staah.com
]]></system-out>
    <system-err><![CDATA[Starting ChromeDriver 117.0.5938.62 (25a7172909a4cba7355365cf424d7d7eb35231f4-refs/branch-heads/5938@{#1146}) on port 50654
Only local connections are allowed.
Please see https://chromedriver.chromium.org/security-considerations for suggestions on keeping ChromeDriver safe.
ChromeDriver was started successfully.
Sep 14, 2023 10:39:54 AM org.openqa.selenium.remote.ProtocolHandshake createSession
INFO: Detected upstream dialect: W3C
Sep 14, 2023 10:39:54 AM org.openqa.selenium.devtools.CdpVersionFinder findNearestMatch
WARNING: Unable to find an exact match for CDP version 117, so returning the closest version found: a no-op implementation
Sep 14, 2023 10:39:54 AM org.openqa.selenium.devtools.CdpVersionFinder findNearestMatch
INFO: Unable to find CDP implementation matching 117.
Sep 14, 2023 10:39:54 AM org.openqa.selenium.chromium.ChromiumDriver lambda$new$3
WARNING: Unable to find version of CDP to use for . You may need to include a dependency on a specific version of the CDP using something similar to `org.seleniumhq.selenium:selenium-devtools-v86:4.3.0` where the version ("v86") matches the version of the chromium-based browser you're using and the version number of the artifact is the same as Selenium's.
]]></system-err>
  </testcase>
  <testcase name="Single_Night_Single_Room_Booking_With_PromoCode" classname="UI_Verification.Single_Night_TC" time="44.99">
    <system-out><![CDATA[TestCase Success Time   :-  2023-Sep-14 10-40-37
On Test Success  :Single_Night_Single_Room_SingleBooking_With_Single_Addon
TestCase Started Time   :-  2023-Sep-14 10-40-37
On Test Start  :Single_Night_Single_Room_Booking_With_PromoCode
URL Launched successfully
 Close Button not found, continue without clicking
<======Check-in Date for Booking: 2023-09-18======>
<======Check-out Date for Booking: 2023-09-19=====>


No of Booking Days: 1


Adult Selected Successfully
Child Selected Successfully
--Guest Details-- 
First Name of Guest :- Nirav
Last Name of Guest :- Patel
Contact no of Guest :- 8888120130
Mail id of Guest :- onkar@staah.com
CTest
DTest
]]></system-out>
    <system-err><![CDATA[Starting ChromeDriver 117.0.5938.62 (25a7172909a4cba7355365cf424d7d7eb35231f4-refs/branch-heads/5938@{#1146}) on port 52207
Only local connections are allowed.
Please see https://chromedriver.chromium.org/security-considerations for suggestions on keeping ChromeDriver safe.
ChromeDriver was started successfully.
Sep 14, 2023 10:40:38 AM org.openqa.selenium.remote.ProtocolHandshake createSession
INFO: Detected upstream dialect: W3C
Sep 14, 2023 10:40:38 AM org.openqa.selenium.devtools.CdpVersionFinder findNearestMatch
WARNING: Unable to find an exact match for CDP version 117, so returning the closest version found: a no-op implementation
Sep 14, 2023 10:40:38 AM org.openqa.selenium.devtools.CdpVersionFinder findNearestMatch
INFO: Unable to find CDP implementation matching 117.
Sep 14, 2023 10:40:38 AM org.openqa.selenium.chromium.ChromiumDriver lambda$new$3
WARNING: Unable to find version of CDP to use for . You may need to include a dependency on a specific version of the CDP using something similar to `org.seleniumhq.selenium:selenium-devtools-v86:4.3.0` where the version ("v86") matches the version of the chromium-based browser you're using and the version number of the artifact is the same as Selenium's.
]]></system-err>
  </testcase>
  <testcase name="Single_Night_Multiple_RoomBooking_With_Single_RoomType" classname="UI_Verification.Single_Night_TC" time="46.631">
    <system-out><![CDATA[TestCase Success Time   :-  2023-Sep-14 10-41-22
On Test Success  :Single_Night_Single_Room_Booking_With_PromoCode
TestCase Started Time   :-  2023-Sep-14 10-41-22
On Test Start  :Single_Night_Multiple_RoomBooking_With_Single_RoomType
URL Launched successfully
 Close Button not found, continue without clicking
<======Check-in Date for Booking: 2023-10-12======>
<======Check-out Date for Booking: 2023-10-13=====>


No of Booking Days: 1


Adult Selected Successfully
Child Selected Successfully
--Guest Details-- 
First Name of Guest :- Nirav
Last Name of Guest :- Patel
First Name of Guest2 :- Onkar
Last Name of Guest2 :- Hajare
Contact no of Guest :- 8888120130
Mail id of Guest :- onkar@staah.com
]]></system-out>
    <system-err><![CDATA[Starting ChromeDriver 117.0.5938.62 (25a7172909a4cba7355365cf424d7d7eb35231f4-refs/branch-heads/5938@{#1146}) on port 59080
Only local connections are allowed.
Please see https://chromedriver.chromium.org/security-considerations for suggestions on keeping ChromeDriver safe.
ChromeDriver was started successfully.
Sep 14, 2023 10:41:23 AM org.openqa.selenium.remote.ProtocolHandshake createSession
INFO: Detected upstream dialect: W3C
Sep 14, 2023 10:41:23 AM org.openqa.selenium.devtools.CdpVersionFinder findNearestMatch
WARNING: Unable to find an exact match for CDP version 117, so returning the closest version found: a no-op implementation
Sep 14, 2023 10:41:23 AM org.openqa.selenium.devtools.CdpVersionFinder findNearestMatch
INFO: Unable to find CDP implementation matching 117.
Sep 14, 2023 10:41:23 AM org.openqa.selenium.chromium.ChromiumDriver lambda$new$3
WARNING: Unable to find version of CDP to use for . You may need to include a dependency on a specific version of the CDP using something similar to `org.seleniumhq.selenium:selenium-devtools-v86:4.3.0` where the version ("v86") matches the version of the chromium-based browser you're using and the version number of the artifact is the same as Selenium's.
Sep 14, 2023 10:42:09 AM org.openqa.selenium.remote.http.WebSocket$Listener onError
WARNING: Connection reset
java.net.SocketException: Connection reset
	at java.base/sun.nio.ch.SocketChannelImpl.throwConnectionReset(SocketChannelImpl.java:394)
	at java.base/sun.nio.ch.SocketChannelImpl.read(SocketChannelImpl.java:426)
	at io.netty.buffer.PooledByteBuf.setBytes(PooledByteBuf.java:258)
	at io.netty.buffer.AbstractByteBuf.writeBytes(AbstractByteBuf.java:1132)
	at io.netty.channel.socket.nio.NioSocketChannel.doReadBytes(NioSocketChannel.java:357)
	at io.netty.channel.nio.AbstractNioByteChannel$NioByteUnsafe.read(AbstractNioByteChannel.java:151)
	at io.netty.channel.nio.NioEventLoop.processSelectedKey(NioEventLoop.java:722)
	at io.netty.channel.nio.NioEventLoop.processSelectedKeysOptimized(NioEventLoop.java:658)
	at io.netty.channel.nio.NioEventLoop.processSelectedKeys(NioEventLoop.java:584)
	at io.netty.channel.nio.NioEventLoop.run(NioEventLoop.java:496)
	at io.netty.util.concurrent.SingleThreadEventExecutor$4.run(SingleThreadEventExecutor.java:997)
	at io.netty.util.internal.ThreadExecutorMap$2.run(ThreadExecutorMap.java:74)
	at io.netty.util.concurrent.FastThreadLocalRunnable.run(FastThreadLocalRunnable.java:30)
	at java.base/java.lang.Thread.run(Thread.java:833)

]]></system-err>
  </testcase>
  <testcase name="Single_Night_Multiple_Room_Booking_With_Multiple_RoomTypes" classname="UI_Verification.Single_Night_TC" time="52.732">
    <system-out><![CDATA[TestCase Success Time   :-  2023-Sep-14 10-42-09
On Test Success  :Single_Night_Multiple_RoomBooking_With_Single_RoomType
TestCase Started Time   :-  2023-Sep-14 10-42-09
On Test Start  :Single_Night_Multiple_Room_Booking_With_Multiple_RoomTypes
URL Launched successfully
 Close Button not found, continue without clicking
<======Check-in Date for Booking: 2023-09-25======>
<======Check-out Date for Booking: 2023-10-22=====>


No of Booking Days: 27


Adult Selected Successfully
Child Selected Successfully
--Guest Details-- 
First Name of Guest :- Nirav
Last Name of Guest :- Patel
First Name of Guest2 :- Onkar
Last Name of Guest2 :- Hajare
--Guest Details-- 
First Name of Guest :- Nirav
Last Name of Guest :- Patel
First Name of Guest2 :- Onkar
Last Name of Guest2 :- Hajare
Contact no of Guest :- 8888120130
Mail id of Guest :- onkar@staah.com
]]></system-out>
    <system-err><![CDATA[Starting ChromeDriver 117.0.5938.62 (25a7172909a4cba7355365cf424d7d7eb35231f4-refs/branch-heads/5938@{#1146}) on port 62327
Only local connections are allowed.
Please see https://chromedriver.chromium.org/security-considerations for suggestions on keeping ChromeDriver safe.
ChromeDriver was started successfully.
Sep 14, 2023 10:42:10 AM org.openqa.selenium.remote.ProtocolHandshake createSession
INFO: Detected upstream dialect: W3C
Sep 14, 2023 10:42:10 AM org.openqa.selenium.devtools.CdpVersionFinder findNearestMatch
WARNING: Unable to find an exact match for CDP version 117, so returning the closest version found: a no-op implementation
Sep 14, 2023 10:42:10 AM org.openqa.selenium.devtools.CdpVersionFinder findNearestMatch
INFO: Unable to find CDP implementation matching 117.
Sep 14, 2023 10:42:10 AM org.openqa.selenium.chromium.ChromiumDriver lambda$new$3
WARNING: Unable to find version of CDP to use for . You may need to include a dependency on a specific version of the CDP using something similar to `org.seleniumhq.selenium:selenium-devtools-v86:4.3.0` where the version ("v86") matches the version of the chromium-based browser you're using and the version number of the artifact is the same as Selenium's.
]]></system-err>
  </testcase>
  <testcase name="Verify_Single_Night_Single_Room_Booking_TotalAmount_For_Home_Cart_ConfirmationPage" classname="UI_Verification.Single_Night_TC" time="45.499">
    <system-out><![CDATA[TestCase Success Time   :-  2023-Sep-14 10-43-02
On Test Success  :Single_Night_Multiple_Room_Booking_With_Multiple_RoomTypes
TestCase Started Time   :-  2023-Sep-14 10-43-02
On Test Start  :Verify_Single_Night_Single_Room_Booking_TotalAmount_For_Home_Cart_ConfirmationPage
URL Launched successfully
 Close Button not found, continue without clicking
<======Check-in Date for Booking: 2023-09-27======>
<======Check-out Date for Booking: 2023-09-28=====>


No of Booking Days: 1


HomePageTotalAmount  :-  NZD 601
Adult Selected Successfully
Child Selected Successfully
CartPageTotal Amount :- NZD 601
CartPage Total Amount Validated with HomePage Total Amount Successfully 
--Guest Details-- 
First Name of Guest :- Nirav
Last Name of Guest :- Patel
Contact no of Guest :- 8888120130
Mail id of Guest :- onkar@staah.com
ConfiramtionPageTotalAmount  :- Tax inclusive NZD 601.00
ConfiramtionPage Total Amount Validated With CartPage Total Amount Successfully
]]></system-out>
    <system-err><![CDATA[Starting ChromeDriver 117.0.5938.62 (25a7172909a4cba7355365cf424d7d7eb35231f4-refs/branch-heads/5938@{#1146}) on port 63153
Only local connections are allowed.
Please see https://chromedriver.chromium.org/security-considerations for suggestions on keeping ChromeDriver safe.
ChromeDriver was started successfully.
Sep 14, 2023 10:43:03 AM org.openqa.selenium.remote.ProtocolHandshake createSession
INFO: Detected upstream dialect: W3C
Sep 14, 2023 10:43:03 AM org.openqa.selenium.devtools.CdpVersionFinder findNearestMatch
WARNING: Unable to find an exact match for CDP version 117, so returning the closest version found: a no-op implementation
Sep 14, 2023 10:43:03 AM org.openqa.selenium.devtools.CdpVersionFinder findNearestMatch
INFO: Unable to find CDP implementation matching 117.
Sep 14, 2023 10:43:03 AM org.openqa.selenium.chromium.ChromiumDriver lambda$new$3
WARNING: Unable to find version of CDP to use for . You may need to include a dependency on a specific version of the CDP using something similar to `org.seleniumhq.selenium:selenium-devtools-v86:4.3.0` where the version ("v86") matches the version of the chromium-based browser you're using and the version number of the artifact is the same as Selenium's.
Sep 14, 2023 10:43:47 AM org.openqa.selenium.remote.http.WebSocket$Listener onError
WARNING: Connection reset
java.net.SocketException: Connection reset
	at java.base/sun.nio.ch.SocketChannelImpl.throwConnectionReset(SocketChannelImpl.java:394)
	at java.base/sun.nio.ch.SocketChannelImpl.read(SocketChannelImpl.java:426)
	at io.netty.buffer.PooledByteBuf.setBytes(PooledByteBuf.java:258)
	at io.netty.buffer.AbstractByteBuf.writeBytes(AbstractByteBuf.java:1132)
	at io.netty.channel.socket.nio.NioSocketChannel.doReadBytes(NioSocketChannel.java:357)
	at io.netty.channel.nio.AbstractNioByteChannel$NioByteUnsafe.read(AbstractNioByteChannel.java:151)
	at io.netty.channel.nio.NioEventLoop.processSelectedKey(NioEventLoop.java:722)
	at io.netty.channel.nio.NioEventLoop.processSelectedKeysOptimized(NioEventLoop.java:658)
	at io.netty.channel.nio.NioEventLoop.processSelectedKeys(NioEventLoop.java:584)
	at io.netty.channel.nio.NioEventLoop.run(NioEventLoop.java:496)
	at io.netty.util.concurrent.SingleThreadEventExecutor$4.run(SingleThreadEventExecutor.java:997)
	at io.netty.util.internal.ThreadExecutorMap$2.run(ThreadExecutorMap.java:74)
	at io.netty.util.concurrent.FastThreadLocalRunnable.run(FastThreadLocalRunnable.java:30)
	at java.base/java.lang.Thread.run(Thread.java:833)

]]></system-err>
  </testcase>
  <testcase name="Verify_Single_Night_Single_Room_Booking_Confirmation_Status" classname="UI_Verification.Single_Night_TC" time="44.739">
    <system-out><![CDATA[TestCase Success Time   :-  2023-Sep-14 10-43-47
On Test Success  :Verify_Single_Night_Single_Room_Booking_TotalAmount_For_Home_Cart_ConfirmationPage
TestCase Started Time   :-  2023-Sep-14 10-43-47
On Test Start  :Verify_Single_Night_Single_Room_Booking_Confirmation_Status
URL Launched successfully
 Close Button not found, continue without clicking
<======Check-in Date for Booking: 2023-09-19======>
<======Check-out Date for Booking: 2023-09-20=====>


No of Booking Days: 1


Adult Selected Successfully
Child Selected Successfully
--Guest Details-- 
First Name of Guest :- Nirav
Last Name of Guest :- Patel
Contact no of Guest :- 8888120130
Mail id of Guest :- onkar@staah.com
 Booking Status Verified Successfully 
]]></system-out>
    <system-err><![CDATA[Starting ChromeDriver 117.0.5938.62 (25a7172909a4cba7355365cf424d7d7eb35231f4-refs/branch-heads/5938@{#1146}) on port 56076
Only local connections are allowed.
Please see https://chromedriver.chromium.org/security-considerations for suggestions on keeping ChromeDriver safe.
ChromeDriver was started successfully.
Sep 14, 2023 10:43:48 AM org.openqa.selenium.remote.ProtocolHandshake createSession
INFO: Detected upstream dialect: W3C
Sep 14, 2023 10:43:48 AM org.openqa.selenium.devtools.CdpVersionFinder findNearestMatch
WARNING: Unable to find an exact match for CDP version 117, so returning the closest version found: a no-op implementation
Sep 14, 2023 10:43:48 AM org.openqa.selenium.devtools.CdpVersionFinder findNearestMatch
INFO: Unable to find CDP implementation matching 117.
Sep 14, 2023 10:43:48 AM org.openqa.selenium.chromium.ChromiumDriver lambda$new$3
WARNING: Unable to find version of CDP to use for . You may need to include a dependency on a specific version of the CDP using something similar to `org.seleniumhq.selenium:selenium-devtools-v86:4.3.0` where the version ("v86") matches the version of the chromium-based browser you're using and the version number of the artifact is the same as Selenium's.
]]></system-err>
  </testcase>
  <testcase name="Verify_MailId_MobileNO_for_SingleNight_SingleRoom_" classname="UI_Verification.Single_Night_TC" time="46.423">
    <system-out><![CDATA[TestCase Success Time   :-  2023-Sep-14 10-44-32
On Test Success  :Verify_Single_Night_Single_Room_Booking_Confirmation_Status
TestCase Started Time   :-  2023-Sep-14 10-44-32
On Test Start  :Verify_MailId_MobileNO_for_SingleNight_SingleRoom_
URL Launched successfully
 Close Button not found, continue without clicking
<======Check-in Date for Booking: 2023-10-11======>
<======Check-out Date for Booking: 2023-10-12=====>


No of Booking Days: 1


Adult Selected Successfully
Child Selected Successfully
--Guest Details-- 
First Name of Guest :- Nirav
Last Name of Guest :- Patel
Contact no of Guest :- 8888120130
Mail id of Guest :- onkar@staah.com
Confirmation Page Mail Id :-  onkar@staah.com
Mail ID Verified Successfully 
+918888120130
 Confirmation Page Mobile no :- 8888120130
 Mobile Number Verified Successfully 
]]></system-out>
    <system-err><![CDATA[Starting ChromeDriver 117.0.5938.62 (25a7172909a4cba7355365cf424d7d7eb35231f4-refs/branch-heads/5938@{#1146}) on port 58267
Only local connections are allowed.
Please see https://chromedriver.chromium.org/security-considerations for suggestions on keeping ChromeDriver safe.
ChromeDriver was started successfully.
Sep 14, 2023 10:44:33 AM org.openqa.selenium.remote.ProtocolHandshake createSession
INFO: Detected upstream dialect: W3C
Sep 14, 2023 10:44:33 AM org.openqa.selenium.devtools.CdpVersionFinder findNearestMatch
WARNING: Unable to find an exact match for CDP version 117, so returning the closest version found: a no-op implementation
Sep 14, 2023 10:44:33 AM org.openqa.selenium.devtools.CdpVersionFinder findNearestMatch
INFO: Unable to find CDP implementation matching 117.
Sep 14, 2023 10:44:33 AM org.openqa.selenium.chromium.ChromiumDriver lambda$new$3
WARNING: Unable to find version of CDP to use for . You may need to include a dependency on a specific version of the CDP using something similar to `org.seleniumhq.selenium:selenium-devtools-v86:4.3.0` where the version ("v86") matches the version of the chromium-based browser you're using and the version number of the artifact is the same as Selenium's.
Sep 14, 2023 10:45:18 AM org.openqa.selenium.remote.http.WebSocket$Listener onError
WARNING: Connection reset
java.net.SocketException: Connection reset
	at java.base/sun.nio.ch.SocketChannelImpl.throwConnectionReset(SocketChannelImpl.java:394)
	at java.base/sun.nio.ch.SocketChannelImpl.read(SocketChannelImpl.java:426)
	at io.netty.buffer.PooledByteBuf.setBytes(PooledByteBuf.java:258)
	at io.netty.buffer.AbstractByteBuf.writeBytes(AbstractByteBuf.java:1132)
	at io.netty.channel.socket.nio.NioSocketChannel.doReadBytes(NioSocketChannel.java:357)
	at io.netty.channel.nio.AbstractNioByteChannel$NioByteUnsafe.read(AbstractNioByteChannel.java:151)
	at io.netty.channel.nio.NioEventLoop.processSelectedKey(NioEventLoop.java:722)
	at io.netty.channel.nio.NioEventLoop.processSelectedKeysOptimized(NioEventLoop.java:658)
	at io.netty.channel.nio.NioEventLoop.processSelectedKeys(NioEventLoop.java:584)
	at io.netty.channel.nio.NioEventLoop.run(NioEventLoop.java:496)
	at io.netty.util.concurrent.SingleThreadEventExecutor$4.run(SingleThreadEventExecutor.java:997)
	at io.netty.util.internal.ThreadExecutorMap$2.run(ThreadExecutorMap.java:74)
	at io.netty.util.concurrent.FastThreadLocalRunnable.run(FastThreadLocalRunnable.java:30)
	at java.base/java.lang.Thread.run(Thread.java:833)

]]></system-err>
  </testcase>
</testsuite>